sunmi-v2-wrapper/app/build/intermediates/manifest_merge_blame_file/debug/processDebugMainManifest/manifest-merger-blame-debug-report.txt
1<?xml version="1.0" encoding="utf-8"?>
2<manifest xmlns:android="http://schemas.android.com/apk/res/android"
3    package="com.teeuan.shabuwrapper"
4    android:versionCode="1"
5    android:versionName="1.0" >
6
7    <uses-sdk
8        android:minSdkVersion="21"
9        android:targetSdkVersion="34" />
10
11    <!-- Permissions required -->
12    <uses-permission android:name="android.permission.INTERNET" />
12-->src\main\AndroidManifest.xml:5:5-67
12-->src\main\AndroidManifest.xml:5:22-64
13    <uses-permission android:name="android.permission.ACCESS_NETWORK_STATE" />
13-->src\main\AndroidManifest.xml:6:5-79
13-->src\main\AndroidManifest.xml:6:22-76
14
15    <!-- Query configuration for SUNMI AIDL Printer Service in Android 11+ -->
16    <queries>
16-->src\main\AndroidManifest.xml:9:5-18:15
17        <package android:name="woyou.aidlservice.jiuiv5" />
17-->src\main\AndroidManifest.xml:10:9-60
17-->src\main\AndroidManifest.xml:10:18-57
18
19        <intent>
19-->src\main\AndroidManifest.xml:11:9-13:18
20            <action android:name="woyou.aidlservice.jiuiv5.IWoyouService" />
20-->src\main\AndroidManifest.xml:12:13-77
20-->src\main\AndroidManifest.xml:12:21-74
21        </intent>
22
23        <package android:name="woyou.aidlinterface.retrofit" />
23-->src\main\AndroidManifest.xml:14:9-64
23-->src\main\AndroidManifest.xml:14:18-61
24
25        <intent>
25-->src\main\AndroidManifest.xml:15:9-17:18
26            <action android:name="woyou.aidlinterface.retrofit.IWoyouService" />
26-->src\main\AndroidManifest.xml:16:13-81
26-->src\main\AndroidManifest.xml:16:21-78
27        </intent>
28    </queries>
29
30    <permission
30-->[androidx.core:core:1.9.0] AndroidManifest.xml:22:5-24:47
31        android:name="com.teeuan.shabuwrapper.DYNAMIC_RECEIVER_NOT_EXPORTED_PERMISSION"
31-->[androidx.core:core:1.9.0] AndroidManifest.xml:23:9-81
32        android:protectionLevel="signature" />
32-->[androidx.core:core:1.9.0] AndroidManifest.xml:24:9-44
33
34    <uses-permission android:name="com.teeuan.shabuwrapper.DYNAMIC_RECEIVER_NOT_EXPORTED_PERMISSION" />
34-->[androidx.core:core:1.9.0] AndroidManifest.xml:26:5-97
34-->[androidx.core:core:1.9.0] AndroidManifest.xml:26:22-94
35
36    <application
36-->src\main\AndroidManifest.xml:20:5-39:19
37        android:allowBackup="true"
37-->src\main\AndroidManifest.xml:21:9-35
38        android:appComponentFactory="androidx.core.app.CoreComponentFactory"
38-->[androidx.core:core:1.9.0] AndroidManifest.xml:28:18-86
39        android:debuggable="true"
40        android:extractNativeLibs="true"
41        android:hardwareAccelerated="true"
41-->src\main\AndroidManifest.xml:27:9-43
42        android:icon="@drawable/logo"
42-->src\main\AndroidManifest.xml:22:9-38
43        android:label="@string/app_name"
43-->src\main\AndroidManifest.xml:23:9-41
44        android:roundIcon="@drawable/logo"
44-->src\main\AndroidManifest.xml:24:9-43
45        android:supportsRtl="true"
45-->src\main\AndroidManifest.xml:25:9-35
46        android:theme="@style/Theme.AppCompat.Light.NoActionBar"
46-->src\main\AndroidManifest.xml:28:9-65
47        android:usesCleartextTraffic="true" >
47-->src\main\AndroidManifest.xml:26:9-44
48        <activity
48-->src\main\AndroidManifest.xml:30:9-38:20
49            android:name="com.teeuan.shabuwrapper.MainActivity"
49-->src\main\AndroidManifest.xml:31:13-41
50            android:configChanges="orientation|screenSize|keyboardHidden"
50-->src\main\AndroidManifest.xml:33:13-74
51            android:exported="true" >
51-->src\main\AndroidManifest.xml:32:13-36
52            <intent-filter>
52-->src\main\AndroidManifest.xml:34:13-37:29
53                <action android:name="android.intent.action.MAIN" />
53-->src\main\AndroidManifest.xml:35:17-69
53-->src\main\AndroidManifest.xml:35:25-66
54
55                <category android:name="android.intent.category.LAUNCHER" />
55-->src\main\AndroidManifest.xml:36:17-77
55-->src\main\AndroidManifest.xml:36:27-74
56            </intent-filter>
57        </activity>
58
59        <provider
59-->[androidx.emoji2:emoji2:1.2.0] AndroidManifest.xml:24:9-32:20
60            android:name="androidx.startup.InitializationProvider"
60-->[androidx.emoji2:emoji2:1.2.0] AndroidManifest.xml:25:13-67
61            android:authorities="com.teeuan.shabuwrapper.androidx-startup"
61-->[androidx.emoji2:emoji2:1.2.0] AndroidManifest.xml:26:13-68
62            android:exported="false" >
62-->[androidx.emoji2:emoji2:1.2.0] AndroidManifest.xml:27:13-37
63            <meta-data
63-->[androidx.emoji2:emoji2:1.2.0] AndroidManifest.xml:29:13-31:52
64                android:name="androidx.emoji2.text.EmojiCompatInitializer"
64-->[androidx.emoji2:emoji2:1.2.0] AndroidManifest.xml:30:17-75
65                android:value="androidx.startup" />
65-->[androidx.emoji2:emoji2:1.2.0] AndroidManifest.xml:31:17-49
66            <meta-data
66-->[androidx.lifecycle:lifecycle-process:2.6.1] AndroidManifest.xml:29:13-31:52
67                android:name="androidx.lifecycle.ProcessLifecycleInitializer"
67-->[androidx.lifecycle:lifecycle-process:2.6.1] AndroidManifest.xml:30:17-78
68                android:value="androidx.startup" />
68-->[androidx.lifecycle:lifecycle-process:2.6.1] AndroidManifest.xml:31:17-49
69            <meta-data
69-->[androidx.profileinstaller:profileinstaller:1.3.0] AndroidManifest.xml:29:13-31:52
70                android:name="androidx.profileinstaller.ProfileInstallerInitializer"
70-->[androidx.profileinstaller:profileinstaller:1.3.0] AndroidManifest.xml:30:17-85
71                android:value="androidx.startup" />
71-->[androidx.profileinstaller:profileinstaller:1.3.0] AndroidManifest.xml:31:17-49
72        </provider>
73
74        <receiver
74-->[androidx.profileinstaller:profileinstaller:1.3.0] AndroidManifest.xml:34:9-52:20
75            android:name="androidx.profileinstaller.ProfileInstallReceiver"
75-->[androidx.profileinstaller:profileinstaller:1.3.0] AndroidManifest.xml:35:13-76
76            android:directBootAware="false"
76-->[androidx.profileinstaller:profileinstaller:1.3.0] AndroidManifest.xml:36:13-44
77            android:enabled="true"
77-->[androidx.profileinstaller:profileinstaller:1.3.0] AndroidManifest.xml:37:13-35
78            android:exported="true"
78-->[androidx.profileinstaller:profileinstaller:1.3.0] AndroidManifest.xml:38:13-36
79            android:permission="android.permission.DUMP" >
79-->[androidx.profileinstaller:profileinstaller:1.3.0] AndroidManifest.xml:39:13-57
80            <intent-filter>
80-->[androidx.profileinstaller:profileinstaller:1.3.0] AndroidManifest.xml:40:13-42:29
81                <action android:name="androidx.profileinstaller.action.INSTALL_PROFILE" />
81-->[androidx.profileinstaller:profileinstaller:1.3.0] AndroidManifest.xml:41:17-91
81-->[androidx.profileinstaller:profileinstaller:1.3.0] AndroidManifest.xml:41:25-88
82            </intent-filter>
83            <intent-filter>
83-->[androidx.profileinstaller:profileinstaller:1.3.0] AndroidManifest.xml:43:13-45:29
84                <action android:name="androidx.profileinstaller.action.SKIP_FILE" />
84-->[androidx.profileinstaller:profileinstaller:1.3.0] AndroidManifest.xml:44:17-85
84-->[androidx.profileinstaller:profileinstaller:1.3.0] AndroidManifest.xml:44:25-82
85            </intent-filter>
86            <intent-filter>
86-->[androidx.profileinstaller:profileinstaller:1.3.0] AndroidManifest.xml:46:13-48:29
87                <action android:name="androidx.profileinstaller.action.SAVE_PROFILE" />
87-->[androidx.profileinstaller:profileinstaller:1.3.0] AndroidManifest.xml:47:17-88
87-->[androidx.profileinstaller:profileinstaller:1.3.0] AndroidManifest.xml:47:25-85
88            </intent-filter>
89            <intent-filter>
89-->[androidx.profileinstaller:profileinstaller:1.3.0] AndroidManifest.xml:49:13-51:29
90                <action android:name="androidx.profileinstaller.action.BENCHMARK_OPERATION" />
90-->[androidx.profileinstaller:profileinstaller:1.3.0] AndroidManifest.xml:50:17-95
90-->[androidx.profileinstaller:profileinstaller:1.3.0] AndroidManifest.xml:50:25-92
91            </intent-filter>
92        </receiver>
93    </application>
94
95</manifest>